# JRE version: OpenJDK Runtime Environment (14.0.2+12) (build 14.0.2+12-46)
# Java VM: OpenJDK 64-Bit Server VM (14.0.2+12-46, mixed mode, tiered, compressed oops, g1 gc, windows-amd64)
Heap:
 garbage-first heap   total 262144K, used 129346K [0x0000000701600000, 0x0000000800000000)
  region size 1024K, 9 young (9216K), 5 survivors (5120K)
 Metaspace       used 17239K, capacity 17540K, committed 17792K, reserved 1064960K
  class space    used 1774K, capacity 1892K, committed 1920K, reserved 1048576K
GC Heap History (16 events):
Event: 0.382 GC heap before
{Heap before GC invocations=0 (full 0):
 garbage-first heap   total 262144K, used 46080K [0x0000000701600000, 0x0000000800000000)
  region size 1024K, 23 young (23552K), 0 survivors (0K)
 Metaspace       used 10700K, capacity 10864K, committed 11136K, reserved 1058816K
  class space    used 996K, capacity 1044K, committed 1152K, reserved 1048576K
}
Event: 0.384 GC heap after
{Heap after GC invocations=1 (full 0):
 garbage-first heap   total 262144K, used 26510K [0x0000000701600000, 0x0000000800000000)
  region size 1024K, 3 young (3072K), 3 survivors (3072K)
 Metaspace       used 10700K, capacity 10864K, committed 11136K, reserved 1058816K
  class space    used 996K, capacity 1044K, committed 1152K, reserved 1048576K
}
Event: 0.919 GC heap before
{Heap before GC invocations=1 (full 0):
 garbage-first heap   total 262144K, used 136078K [0x0000000701600000, 0x0000000800000000)
  region size 1024K, 35 young (35840K), 3 survivors (3072K)
 Metaspace       used 16170K, capacity 16503K, committed 16768K, reserved 1064960K
  class space    used 1682K, capacity 1825K, committed 1920K, reserved 1048576K
}
Event: 0.921 GC heap after
{Heap after GC invocations=2 (full 0):
 garbage-first heap   total 262144K, used 110175K [0x0000000701600000, 0x0000000800000000)
  region size 1024K, 5 young (5120K), 5 survivors (5120K)
 Metaspace       used 16170K, capacity 16503K, committed 16768K, reserved 1064960K
  class space    used 1682K, capacity 1825K, committed 1920K, reserved 1048576K
}
Event: 0.954 GC heap before
{Heap before GC invocations=2 (full 0):
 garbage-first heap   total 262144K, used 122463K [0x0000000701600000, 0x0000000800000000)
  region size 1024K, 7 young (7168K), 5 survivors (5120K)
 Metaspace       used 16186K, capacity 16567K, committed 16768K, reserved 1064960K
  class space    used 1684K, capacity 1825K, committed 1920K, reserved 1048576K
}
Event: 0.955 GC heap after
{Heap after GC invocations=3 (full 0):
 garbage-first heap   total 262144K, used 120996K [0x0000000701600000, 0x0000000800000000)
  region size 1024K, 5 young (5120K), 5 survivors (5120K)
 Metaspace       used 16186K, capacity 16567K, committed 16768K, reserved 1064960K
  class space    used 1684K, capacity 1825K, committed 1920K, reserved 1048576K
}
Event: 0.972 GC heap before
{Heap before GC invocations=4 (full 0):
 garbage-first heap   total 262144K, used 129188K [0x0000000701600000, 0x0000000800000000)
  region size 1024K, 7 young (7168K), 5 survivors (5120K)
 Metaspace       used 16186K, capacity 16567K, committed 16768K, reserved 1064960K
  class space    used 1684K, capacity 1825K, committed 1920K, reserved 1048576K
}
Event: 0.973 GC heap after
{Heap after GC invocations=5 (full 0):
 garbage-first heap   total 262144K, used 126201K [0x0000000701600000, 0x0000000800000000)
  region size 1024K, 5 young (5120K), 5 survivors (5120K)
 Metaspace       used 16186K, capacity 16567K, committed 16768K, reserved 1064960K
  class space    used 1684K, capacity 1825K, committed 1920K, reserved 1048576K
}
Event: 1.432 GC heap before
{Heap before GC invocations=6 (full 0):
 garbage-first heap   total 262144K, used 150777K [0x0000000701600000, 0x0000000800000000)
  region size 1024K, 8 young (8192K), 5 survivors (5120K)
 Metaspace       used 16313K, capacity 16696K, committed 17024K, reserved 1064960K
  class space    used 1693K, capacity 1825K, committed 1920K, reserved 1048576K
}
Event: 1.433 GC heap after
{Heap after GC invocations=7 (full 0):
 garbage-first heap   total 262144K, used 112818K [0x0000000701600000, 0x0000000800000000)
  region size 1024K, 5 young (5120K), 5 survivors (5120K)
 Metaspace       used 16313K, capacity 16696K, committed 17024K, reserved 1064960K
  class space    used 1693K, capacity 1825K, committed 1920K, reserved 1048576K
}
Event: 2.056 GC heap before
{Heap before GC invocations=8 (full 0):
 garbage-first heap   total 262144K, used 145586K [0x0000000701600000, 0x0000000800000000)
  region size 1024K, 12 young (12288K), 5 survivors (5120K)
 Metaspace       used 16990K, capacity 17346K, committed 17536K, reserved 1064960K
  class space    used 1756K, capacity 1892K, committed 1920K, reserved 1048576K
}
Event: 2.057 GC heap after
{Heap after GC invocations=9 (full 0):
 garbage-first heap   total 262144K, used 109867K [0x0000000701600000, 0x0000000800000000)
  region size 1024K, 5 young (5120K), 5 survivors (5120K)
 Metaspace       used 16990K, capacity 17346K, committed 17536K, reserved 1064960K
  class space    used 1756K, capacity 1892K, committed 1920K, reserved 1048576K
}
Event: 2.080 GC heap before
{Heap before GC invocations=10 (full 0):
 garbage-first heap   total 262144K, used 127275K [0x0000000701600000, 0x0000000800000000)
  region size 1024K, 7 young (7168K), 5 survivors (5120K)
 Metaspace       used 16999K, capacity 17346K, committed 17536K, reserved 1064960K
  class space    used 1757K, capacity 1892K, committed 1920K, reserved 1048576K
}
Event: 2.082 GC heap after
{Heap after GC invocations=11 (full 0):
 garbage-first heap   total 262144K, used 126263K [0x0000000701600000, 0x0000000800000000)
  region size 1024K, 5 young (5120K), 5 survivors (5120K)
 Metaspace       used 16999K, capacity 17346K, committed 17536K, reserved 1064960K
  class space    used 1757K, capacity 1892K, committed 1920K, reserved 1048576K
}
Event: 2.784 GC heap before
{Heap before GC invocations=12 (full 0):
 garbage-first heap   total 262144K, used 150839K [0x0000000701600000, 0x0000000800000000)
  region size 1024K, 14 young (14336K), 5 survivors (5120K)
 Metaspace       used 17143K, capacity 17476K, committed 17536K, reserved 1064960K
  class space    used 1757K, capacity 1892K, committed 1920K, reserved 1048576K
}
Event: 2.786 GC heap after
{Heap after GC invocations=13 (full 0):
 garbage-first heap   total 262144K, used 99650K [0x0000000701600000, 0x0000000800000000)
  region size 1024K, 5 young (5120K), 5 survivors (5120K)
 Metaspace       used 17143K, capacity 17476K, committed 17536K, reserved 1064960K
  class space    used 1757K, capacity 1892K, committed 1920K, reserved 1048576K
}

